{
  "RSpec": {
    "coverage": {
      "/Users/coaxial/code/personal-website/config/environment.rb": [
        null,
        1,
        null,
        null,
        1
      ],
      "/Users/coaxial/code/personal-website/config/application.rb": [
        1,
        null,
        1,
        null,
        null,
        null,
        1,
        null,
        1,
        1,
        null,
        null,
        null,
        null,
        null,
        null,
        null,
        null,
        null,
        null,
        null,
        1,
        1,
        null,
        null
      ],
      "/Users/coaxial/code/personal-website/config/boot.rb": [
        null,
        1,
        null,
        1
      ],
      "/Users/coaxial/code/personal-website/config/environments/test.rb": [
        1,
        null,
        null,
        null,
        null,
        null,
        null,
        1,
        null,
        null,
        null,
        null,
        1,
        null,
        null,
        1,
        1,
        null,
        null,
        1,
        1,
        null,
        null,
        1,
        null,
        null,
        1,
        null,
        null,
        null,
        null,
        1,
        null,
        null,
        1,
        null,
        null,
        null,
        null
      ],
      "/Users/coaxial/code/personal-website/config/initializers/assets.rb": [
        null,
        null,
        null,
        1,
        null,
        null,
        null,
        null
      ],
      "/Users/coaxial/code/personal-website/config/initializers/backtrace_silencers.rb": [
        null,
        null,
        null,
        null,
        null,
        null,
        null
      ],
      "/Users/coaxial/code/personal-website/config/initializers/cookies_serializer.rb": [
        null,
        null,
        1
      ],
      "/Users/coaxial/code/personal-website/config/initializers/filter_parameter_logging.rb": [
        null,
        null,
        null,
        1
      ],
      "/Users/coaxial/code/personal-website/config/initializers/inflections.rb": [
        null,
        null,
        null,
        null,
        null,
        null,
        null,
        null,
        null,
        null,
        null,
        null,
        null,
        null,
        null,
        null
      ],
      "/Users/coaxial/code/personal-website/config/initializers/mime_types.rb": [
        null,
        null,
        null,
        null
      ],
      "/Users/coaxial/code/personal-website/config/initializers/session_store.rb": [
        null,
        null,
        1
      ],
      "/Users/coaxial/code/personal-website/config/initializers/wrap_parameters.rb": [
        null,
        null,
        null,
        null,
        null,
        null,
        1,
        1,
        null,
        null,
        null,
        null,
        null,
        null
      ],
      "/Users/coaxial/code/personal-website/config/routes.rb": [
        1,
        1,
        1,
        1,
        1,
        1,
        null,
        null,
        null,
        null,
        null,
        null,
        null,
        null,
        null,
        null,
        null,
        null,
        null,
        null,
        null,
        null,
        null,
        null,
        null,
        null,
        null,
        null,
        null,
        null,
        null,
        null,
        null,
        null,
        null,
        null,
        null,
        null,
        null,
        null,
        null,
        null,
        null,
        null,
        null,
        null,
        null,
        null,
        null,
        null,
        null,
        null,
        null,
        null,
        null,
        null,
        null,
        null,
        null,
        null,
        null,
        null
      ],
      "/Users/coaxial/code/personal-website/app/helpers/application_helper.rb": [
        1,
        null
      ],
      "/Users/coaxial/code/personal-website/app/helpers/views_helper.rb": [
        1,
        1,
        0,
        null,
        null
      ],
      "/Users/coaxial/code/personal-website/app/helpers/website_helper.rb": [
        1,
        1,
        1,
        null,
        1,
        6,
        null,
        null,
        null,
        null,
        6,
        6,
        null,
        null,
        null,
        1,
        3,
        3,
        null,
        null,
        null,
        3,
        null,
        null,
        null,
        null,
        3,
        null,
        3,
        2,
        1,
        null,
        null,
        1,
        0,
        0,
        null,
        0,
        null,
        null,
        1,
        0,
        null,
        0,
        0,
        0,
        null,
        null,
        null,
        null
      ],
      "/Users/coaxial/code/personal-website/app/controllers/website_controller.rb": [
        1,
        1,
        null,
        1,
        3,
        null,
        null,
        1,
        0,
        0,
        null,
        null,
        1,
        null,
        null,
        1,
        0,
        null,
        0,
        0,
        0,
        0,
        null,
        0,
        0,
        0,
        null,
        null,
        null
      ],
      "/Users/coaxial/code/personal-website/app/controllers/application_controller.rb": [
        1,
        null,
        null,
        1,
        null
      ],
      "/Users/coaxial/code/personal-website/app/mailers/form_mailer.rb": [
        1,
        1,
        null,
        1,
        6,
        6,
        6,
        null,
        6,
        null,
        null
      ],
      "/Users/coaxial/code/personal-website/app/forms/contact_form.rb": [
        1,
        1,
        1,
        1,
        null,
        1,
        null,
        1,
        null,
        1,
        null,
        null,
        null,
        null,
        null,
        null,
        null,
        null,
        1,
        null,
        null,
        null,
        null,
        null,
        1,
        6,
        18,
        null,
        null,
        null,
        1,
        0,
        null,
        null
      ]
    },
    "timestamp": 1413258278
  }
}
